  [1m[35m (1154.9ms)[0m  [1m[35mCREATE DATABASE "todos_app_development" ENCODING = 'unicode'[0m
  ↳ bin/rails:9
  [1m[35m (1064.2ms)[0m  [1m[35mCREATE DATABASE "todos_app_test" ENCODING = 'unicode'[0m
  ↳ bin/rails:9
  [1m[35m (52.8ms)[0m  [1m[35mCREATE TABLE "schema_migrations" ("version" character varying NOT NULL PRIMARY KEY)[0m
  ↳ bin/rails:9
  [1m[35m (5.4ms)[0m  [1m[35mCREATE TABLE "ar_internal_metadata" ("key" character varying NOT NULL PRIMARY KEY, "value" character varying, "created_at" timestamp NOT NULL, "updated_at" timestamp NOT NULL)[0m
  ↳ bin/rails:9
  [1m[35m (0.1ms)[0m  [1m[34mSELECT pg_try_advisory_lock(4565750621075901915)[0m
  ↳ bin/rails:9
  [1m[35m (3.7ms)[0m  [1m[34mSELECT "schema_migrations"."version" FROM "schema_migrations" ORDER BY "schema_migrations"."version" ASC[0m
  ↳ bin/rails:9
Migrating to CreateTodos (20210108215037)
  [1m[35m (0.1ms)[0m  [1m[35mBEGIN[0m
  ↳ bin/rails:9
  [1m[35m (6.1ms)[0m  [1m[35mCREATE TABLE "todos" ("id" bigserial primary key, "title" character varying, "body" character varying, "done" boolean, "created_at" timestamp NOT NULL, "updated_at" timestamp NOT NULL)[0m
  ↳ db/migrate/20210108215037_create_todos.rb:3
  [1m[36mActiveRecord::SchemaMigration Create (0.5ms)[0m  [1m[32mINSERT INTO "schema_migrations" ("version") VALUES ($1) RETURNING "version"[0m  [["version", "20210108215037"]]
  ↳ bin/rails:9
  [1m[35m (0.4ms)[0m  [1m[35mCOMMIT[0m
  ↳ bin/rails:9
  [1m[36mActiveRecord::InternalMetadata Load (5.0ms)[0m  [1m[34mSELECT  "ar_internal_metadata".* FROM "ar_internal_metadata" WHERE "ar_internal_metadata"."key" = $1 LIMIT $2[0m  [["key", "environment"], ["LIMIT", 1]]
  ↳ bin/rails:9
  [1m[35m (0.1ms)[0m  [1m[35mBEGIN[0m
  ↳ bin/rails:9
  [1m[36mActiveRecord::InternalMetadata Create (0.5ms)[0m  [1m[32mINSERT INTO "ar_internal_metadata" ("key", "value", "created_at", "updated_at") VALUES ($1, $2, $3, $4) RETURNING "key"[0m  [["key", "environment"], ["value", "development"], ["created_at", "2021-01-08 21:53:18.113478"], ["updated_at", "2021-01-08 21:53:18.113478"]]
  ↳ bin/rails:9
  [1m[35m (0.2ms)[0m  [1m[35mCOMMIT[0m
  ↳ bin/rails:9
  [1m[35m (0.1ms)[0m  [1m[34mSELECT pg_advisory_unlock(4565750621075901915)[0m
  ↳ bin/rails:9
  [1m[35m (0.3ms)[0m  [1m[34mSELECT "schema_migrations"."version" FROM "schema_migrations" ORDER BY "schema_migrations"."version" ASC[0m
  ↳ bin/rails:9
  [1m[35m (0.1ms)[0m  [1m[35mBEGIN[0m
  [1m[35m (0.2ms)[0m  [1m[31mROLLBACK[0m
  [1m[36mTodo Load (6.1ms)[0m  [1m[34mSELECT "todos".* FROM "todos"[0m
  [1m[35m (0.1ms)[0m  [1m[35mBEGIN[0m
  [1m[36mTodo Create (0.8ms)[0m  [1m[32mINSERT INTO "todos" ("title", "body", "done", "created_at", "updated_at") VALUES ($1, $2, $3, $4, $5) RETURNING "id"[0m  [["title", "firsttest"], ["body", "firstfirstfirst"], ["done", false], ["created_at", "2021-01-08 21:57:33.914836"], ["updated_at", "2021-01-08 21:57:33.914836"]]
  [1m[35m (4.9ms)[0m  [1m[35mCOMMIT[0m
  [1m[36mTodo Load (0.4ms)[0m  [1m[34mSELECT "todos".* FROM "todos"[0m
  [1m[35m (0.1ms)[0m  [1m[35mBEGIN[0m
  [1m[36mTodo Create (0.2ms)[0m  [1m[32mINSERT INTO "todos" ("title", "body", "done", "created_at", "updated_at") VALUES ($1, $2, $3, $4, $5) RETURNING "id"[0m  [["title", "firsttest"], ["body", "firstfirstfirst"], ["done", false], ["created_at", "2021-01-08 21:57:44.764339"], ["updated_at", "2021-01-08 21:57:44.764339"]]
  [1m[35m (1.0ms)[0m  [1m[35mCOMMIT[0m
  [1m[35m (0.1ms)[0m  [1m[35mBEGIN[0m
  [1m[36mTodo Create (0.2ms)[0m  [1m[32mINSERT INTO "todos" ("title", "body", "done", "created_at", "updated_at") VALUES ($1, $2, $3, $4, $5) RETURNING "id"[0m  [["title", "firsttest"], ["body", "firstfirstfirst"], ["done", true], ["created_at", "2021-01-08 21:57:55.382020"], ["updated_at", "2021-01-08 21:57:55.382020"]]
  [1m[35m (1.1ms)[0m  [1m[35mCOMMIT[0m
  [1m[35m (0.1ms)[0m  [1m[35mBEGIN[0m
  [1m[36mTodo Create (0.2ms)[0m  [1m[32mINSERT INTO "todos" ("title", "body", "done", "created_at", "updated_at") VALUES ($1, $2, $3, $4, $5) RETURNING "id"[0m  [["title", "firsttest"], ["body", "firstfirstfirst"], ["done", true], ["created_at", "2021-01-08 21:58:11.162422"], ["updated_at", "2021-01-08 21:58:11.162422"]]
  [1m[35m (1.1ms)[0m  [1m[35mCOMMIT[0m
  [1m[35m (0.1ms)[0m  [1m[35mBEGIN[0m
  [1m[36mTodo Create (0.2ms)[0m  [1m[32mINSERT INTO "todos" ("title", "body", "done", "created_at", "updated_at") VALUES ($1, $2, $3, $4, $5) RETURNING "id"[0m  [["title", "firsttest"], ["body", "firstfirstfirst"], ["done", true], ["created_at", "2021-01-08 21:58:17.709846"], ["updated_at", "2021-01-08 21:58:17.709846"]]
  [1m[35m (1.0ms)[0m  [1m[35mCOMMIT[0m
  [1m[36mTodo Load (0.3ms)[0m  [1m[34mSELECT "todos".* FROM "todos"[0m
  [1m[36mTodo Load (7.9ms)[0m  [1m[34mSELECT "todos".* FROM "todos"[0m
  [1m[35m (0.2ms)[0m  [1m[35mBEGIN[0m
  [1m[36mTodo Create (0.4ms)[0m  [1m[32mINSERT INTO "todos" ("title", "body", "done", "created_at", "updated_at") VALUES ($1, $2, $3, $4, $5) RETURNING "id"[0m  [["title", "firsttest"], ["body", "firstfirstfirst"], ["done", true], ["created_at", "2021-01-08 22:00:03.673836"], ["updated_at", "2021-01-08 22:00:03.673836"]]
  [1m[35m (5.6ms)[0m  [1m[35mCOMMIT[0m
  [1m[35m (0.1ms)[0m  [1m[35mBEGIN[0m
  [1m[36mTodo Create (0.2ms)[0m  [1m[32mINSERT INTO "todos" ("title", "body", "done", "created_at", "updated_at") VALUES ($1, $2, $3, $4, $5) RETURNING "id"[0m  [["title", "firsttest"], ["body", "firstfirstfirst"], ["done", false], ["created_at", "2021-01-08 22:00:08.854582"], ["updated_at", "2021-01-08 22:00:08.854582"]]
  [1m[35m (1.0ms)[0m  [1m[35mCOMMIT[0m
